[
  {
    "level": "INFO",
    "message": "android.ndkVersion from module build.gradle is not set"
  },
  {
    "level": "INFO",
    "message": "ndk.dir in local.properties is /home/kovacs/Android/Ndk/android-ndk-r20b"
  },
  {
    "level": "INFO",
    "message": "ANDROID_NDK_HOME environment variable is not set"
  },
  {
    "level": "INFO",
    "message": "sdkFolder is /home/kovacs/Android/Sdk"
  },
  {
    "level": "INFO",
    "message": "NDK side-by-side folder from sdkFolder /home/kovacs/Android/Sdk/ndk does not exist"
  },
  {
    "level": "INFO",
    "message": "Considering /home/kovacs/Android/Ndk/android-ndk-r20b by ndk.dir"
  },
  {
    "level": "INFO",
    "message": "Considering /home/kovacs/Android/Sdk/ndk-bundle in SDK ndk-bundle folder"
  },
  {
    "level": "INFO",
    "message": "Rejected /home/kovacs/Android/Sdk/ndk-bundle in SDK ndk-bundle folder because that location has no source.properties"
  },
  {
    "level": "INFO",
    "message": "Found requested ndk.dir (/home/kovacs/Android/Ndk/android-ndk-r20b) which has version 20.1.5948944"
  }
]